# JRE version: OpenJDK Runtime Environment Temurin-17.0.20.1+1 (17.0.20.1+1) (build 17.0.20.1+1)
# Java VM: OpenJDK 64-Bit Server VM Temurin-17.0.20.1+1 (17.0.20.1+1, mixed mode, sharing, tiered, compressed oops, compressed class ptrs, g1 gc, windows-amd64)
GC Precious Log:
 CPUs: 8 total, 8 available
 Memory: 14258M
 Large Page Support: Disabled
 NUMA Support: Disabled
 Compressed Oops: Enabled (32-bit)
 Heap Region Size: 1M
 Heap Min Capacity: 8M
 Heap Initial Capacity: 224M
 Heap Max Capacity: 2G
 Pre-touch: Disabled
 Parallel Workers: 8
 Concurrent Workers: 2
 Concurrent Refinement Workers: 8
 Periodic GC: Disabled
Heap:
 garbage-first heap   total 89088K, used 32178K [0x0000000080000000, 0x0000000100000000)
  region size 1024K, 8 young (8192K), 6 survivors (6144K)
 Metaspace       used 35578K, committed 36096K, reserved 491520K
  class space    used 4995K, committed 5248K, reserved 425984K
GC Heap History (12 events):
Event: 0.979 GC heap before
{Heap before GC invocations=0 (full 0):
 garbage-first heap   total 229376K, used 26624K [0x0000000080000000, 0x0000000100000000)
  region size 1024K, 23 young (23552K), 0 survivors (0K)
 Metaspace       used 3034K, committed 3136K, reserved 491520K
  class space    used 361K, committed 384K, reserved 425984K
}
Event: 0.984 GC heap after
{Heap after GC invocations=1 (full 0):
 garbage-first heap   total 229376K, used 10912K [0x0000000080000000, 0x0000000100000000)
  region size 1024K, 3 young (3072K), 3 survivors (3072K)
 Metaspace       used 3034K, committed 3136K, reserved 491520K
  class space    used 361K, committed 384K, reserved 425984K
}
Event: 1.718 GC heap before
{Heap before GC invocations=1 (full 0):
 garbage-first heap   total 229376K, used 40608K [0x0000000080000000, 0x0000000100000000)
  region size 1024K, 30 young (30720K), 3 survivors (3072K)
 Metaspace       used 4614K, committed 4800K, reserved 491520K
  class space    used 581K, committed 640K, reserved 425984K
}
Event: 1.722 GC heap after
{Heap after GC invocations=2 (full 0):
 garbage-first heap   total 229376K, used 15161K [0x0000000080000000, 0x0000000100000000)
  region size 1024K, 3 young (3072K), 3 survivors (3072K)
 Metaspace       used 4614K, committed 4800K, reserved 491520K
  class space    used 581K, committed 640K, reserved 425984K
}
Event: 5.075 GC heap before
{Heap before GC invocations=2 (full 0):
 garbage-first heap   total 229376K, used 129849K [0x0000000080000000, 0x0000000100000000)
  region size 1024K, 115 young (117760K), 3 survivors (3072K)
 Metaspace       used 21195K, committed 21504K, reserved 491520K
  class space    used 2918K, committed 3072K, reserved 425984K
}
Event: 5.087 GC heap after
{Heap after GC invocations=3 (full 0):
 garbage-first heap   total 229376K, used 23841K [0x0000000080000000, 0x0000000100000000)
  region size 1024K, 12 young (12288K), 12 survivors (12288K)
 Metaspace       used 21195K, committed 21504K, reserved 491520K
  class space    used 2918K, committed 3072K, reserved 425984K
}
Event: 6.132 GC heap before
{Heap before GC invocations=4 (full 0):
 garbage-first heap   total 89088K, used 64801K [0x0000000080000000, 0x0000000100000000)
  region size 1024K, 52 young (53248K), 12 survivors (12288K)
 Metaspace       used 26442K, committed 26816K, reserved 491520K
  class space    used 3714K, committed 3904K, reserved 425984K
}
Event: 6.141 GC heap after
{Heap after GC invocations=5 (full 0):
 garbage-first heap   total 89088K, used 26198K [0x0000000080000000, 0x0000000100000000)
  region size 1024K, 3 young (3072K), 3 survivors (3072K)
 Metaspace       used 26442K, committed 26816K, reserved 491520K
  class space    used 3714K, committed 3904K, reserved 425984K
}
Event: 7.252 GC heap before
{Heap before GC invocations=5 (full 0):
 garbage-first heap   total 89088K, used 63062K [0x0000000080000000, 0x0000000100000000)
  region size 1024K, 40 young (40960K), 3 survivors (3072K)
 Metaspace       used 31889K, committed 32256K, reserved 491520K
  class space    used 4407K, committed 4608K, reserved 425984K
}
Event: 7.256 GC heap after
{Heap after GC invocations=6 (full 0):
 garbage-first heap   total 89088K, used 28251K [0x0000000080000000, 0x0000000100000000)
  region size 1024K, 5 young (5120K), 5 survivors (5120K)
 Metaspace       used 31889K, committed 32256K, reserved 491520K
  class space    used 4407K, committed 4608K, reserved 425984K
}
Event: 8.228 GC heap before
{Heap before GC invocations=6 (full 0):
 garbage-first heap   total 89088K, used 54875K [0x0000000080000000, 0x0000000100000000)
  region size 1024K, 32 young (32768K), 5 survivors (5120K)
 Metaspace       used 35423K, committed 35968K, reserved 491520K
  class space    used 4959K, committed 5248K, reserved 425984K
}
Event: 8.234 GC heap after
{Heap after GC invocations=7 (full 0):
 garbage-first heap   total 89088K, used 31154K [0x0000000080000000, 0x0000000100000000)
  region size 1024K, 6 young (6144K), 6 survivors (6144K)
 Metaspace       used 35423K, committed 35968K, reserved 491520K
  class space    used 4959K, committed 5248K, reserved 425984K
}

